<?xml version="1.0" encoding="UTF-8"?>
<!-- Generated by org.testng.reporters.JUnitReportReporter -->
<testsuite hostname="LAPTOP-0S7FU3VT" name="TestNG.TC1" tests="3" failures="0" timestamp="10 Mar 2020 00:11:29 GMT" time="3.308" errors="0">
  <testcase name="homePage" time="0.456" classname="TestNG.TC1"/>
  <testcase name="homePage" time="0.322" classname="TestNG.TC1"/>
  <testcase name="homePage" time="2.530" classname="TestNG.TC1"/>
</testsuite> <!-- TestNG.TC1 -->
